<?xml version="1.0" encoding="UTF-8"?>
<!-- Generated by org.testng.reporters.JUnitReportReporter -->
<testsuite name="mainproject.Tripfinder" tests="2" time="10.646" ignored="0" failures="0" timestamp="16 Dec 2016 08:31:55 GMT" skipped="0" hostname="perpc1302" errors="0">
  <testcase name="searchTrip" time="10.635" classname="mainproject.Tripfinder"/>
  <testcase name="verifyHomepageTitle" time="0.011" classname="mainproject.Tripfinder"/>
</testsuite> <!-- mainproject.Tripfinder -->
